[2023-03-22T19:36:40.578] [ERROR] default - ReferenceError: UsuariosModel is not defined
    at UsuarioDao.loginUser (file:///C:/Users/aevla/Desktop/coder/backend/proyecto%20final/kustomsports-backend/src/dao/UsuarioDao.js:21:26)
    at file:///C:/Users/aevla/Desktop/coder/backend/proyecto%20final/kustomsports-backend/src/routes/user.js:22:36
    at Layer.handle [as handle_request] (C:\Users\aevla\Desktop\coder\backend\proyecto final\kustomsports-backend\node_modules\express\lib\router\layer.js:95:5)
    at next (C:\Users\aevla\Desktop\coder\backend\proyecto final\kustomsports-backend\node_modules\express\lib\router\route.js:144:13)
    at complete (C:\Users\aevla\Desktop\coder\backend\proyecto final\kustomsports-backend\node_modules\passport\lib\middleware\authenticate.js:271:13)
    at C:\Users\aevla\Desktop\coder\backend\proyecto final\kustomsports-backend\node_modules\passport\lib\middleware\authenticate.js:278:15
    at pass (C:\Users\aevla\Desktop\coder\backend\proyecto final\kustomsports-backend\node_modules\passport\lib\authenticator.js:428:14)
    at Authenticator.transformAuthInfo (C:\Users\aevla\Desktop\coder\backend\proyecto final\kustomsports-backend\node_modules\passport\lib\authenticator.js:450:5)
    at C:\Users\aevla\Desktop\coder\backend\proyecto final\kustomsports-backend\node_modules\passport\lib\middleware\authenticate.js:275:22
    at C:\Users\aevla\Desktop\coder\backend\proyecto final\kustomsports-backend\node_modules\passport\lib\http\request.js:41:7
[2023-03-22T19:37:34.697] [ERROR] default - ReferenceError: UsuariosModel is not defined
    at UsuarioDao.loginUser (file:///C:/Users/aevla/Desktop/coder/backend/proyecto%20final/kustomsports-backend/src/dao/UsuarioDao.js:21:26)
    at file:///C:/Users/aevla/Desktop/coder/backend/proyecto%20final/kustomsports-backend/src/routes/user.js:22:36
    at Layer.handle [as handle_request] (C:\Users\aevla\Desktop\coder\backend\proyecto final\kustomsports-backend\node_modules\express\lib\router\layer.js:95:5)
    at next (C:\Users\aevla\Desktop\coder\backend\proyecto final\kustomsports-backend\node_modules\express\lib\router\route.js:144:13)
    at complete (C:\Users\aevla\Desktop\coder\backend\proyecto final\kustomsports-backend\node_modules\passport\lib\middleware\authenticate.js:271:13)
    at C:\Users\aevla\Desktop\coder\backend\proyecto final\kustomsports-backend\node_modules\passport\lib\middleware\authenticate.js:278:15
    at pass (C:\Users\aevla\Desktop\coder\backend\proyecto final\kustomsports-backend\node_modules\passport\lib\authenticator.js:428:14)
    at Authenticator.transformAuthInfo (C:\Users\aevla\Desktop\coder\backend\proyecto final\kustomsports-backend\node_modules\passport\lib\authenticator.js:450:5)
    at C:\Users\aevla\Desktop\coder\backend\proyecto final\kustomsports-backend\node_modules\passport\lib\middleware\authenticate.js:275:22
    at C:\Users\aevla\Desktop\coder\backend\proyecto final\kustomsports-backend\node_modules\passport\lib\http\request.js:41:7
[2023-03-22T19:38:15.364] [ERROR] default - ReferenceError: UsuariosModel is not defined
    at UsuarioDao.loginUser (file:///C:/Users/aevla/Desktop/coder/backend/proyecto%20final/kustomsports-backend/src/dao/UsuarioDao.js:21:26)
    at file:///C:/Users/aevla/Desktop/coder/backend/proyecto%20final/kustomsports-backend/src/routes/user.js:22:36
    at Layer.handle [as handle_request] (C:\Users\aevla\Desktop\coder\backend\proyecto final\kustomsports-backend\node_modules\express\lib\router\layer.js:95:5)
    at next (C:\Users\aevla\Desktop\coder\backend\proyecto final\kustomsports-backend\node_modules\express\lib\router\route.js:144:13)
    at complete (C:\Users\aevla\Desktop\coder\backend\proyecto final\kustomsports-backend\node_modules\passport\lib\middleware\authenticate.js:271:13)
    at C:\Users\aevla\Desktop\coder\backend\proyecto final\kustomsports-backend\node_modules\passport\lib\middleware\authenticate.js:278:15
    at pass (C:\Users\aevla\Desktop\coder\backend\proyecto final\kustomsports-backend\node_modules\passport\lib\authenticator.js:428:14)
    at Authenticator.transformAuthInfo (C:\Users\aevla\Desktop\coder\backend\proyecto final\kustomsports-backend\node_modules\passport\lib\authenticator.js:450:5)
    at C:\Users\aevla\Desktop\coder\backend\proyecto final\kustomsports-backend\node_modules\passport\lib\middleware\authenticate.js:275:22
    at C:\Users\aevla\Desktop\coder\backend\proyecto final\kustomsports-backend\node_modules\passport\lib\http\request.js:41:7
[2023-03-22T19:38:15.413] [ERROR] default - ReferenceError: UsuariosModel is not defined
    at UsuarioDao.loginUser (file:///C:/Users/aevla/Desktop/coder/backend/proyecto%20final/kustomsports-backend/src/dao/UsuarioDao.js:21:26)
    at file:///C:/Users/aevla/Desktop/coder/backend/proyecto%20final/kustomsports-backend/src/routes/user.js:22:36
    at Layer.handle [as handle_request] (C:\Users\aevla\Desktop\coder\backend\proyecto final\kustomsports-backend\node_modules\express\lib\router\layer.js:95:5)
    at next (C:\Users\aevla\Desktop\coder\backend\proyecto final\kustomsports-backend\node_modules\express\lib\router\route.js:144:13)
    at complete (C:\Users\aevla\Desktop\coder\backend\proyecto final\kustomsports-backend\node_modules\passport\lib\middleware\authenticate.js:271:13)
    at C:\Users\aevla\Desktop\coder\backend\proyecto final\kustomsports-backend\node_modules\passport\lib\middleware\authenticate.js:278:15
    at pass (C:\Users\aevla\Desktop\coder\backend\proyecto final\kustomsports-backend\node_modules\passport\lib\authenticator.js:428:14)
    at Authenticator.transformAuthInfo (C:\Users\aevla\Desktop\coder\backend\proyecto final\kustomsports-backend\node_modules\passport\lib\authenticator.js:450:5)
    at C:\Users\aevla\Desktop\coder\backend\proyecto final\kustomsports-backend\node_modules\passport\lib\middleware\authenticate.js:275:22
    at C:\Users\aevla\Desktop\coder\backend\proyecto final\kustomsports-backend\node_modules\passport\lib\http\request.js:41:7
[2023-03-22T19:38:32.181] [ERROR] default - TypeError: user.comparePassword is not a function
    at UsuarioDao.loginUser (file:///C:/Users/aevla/Desktop/coder/backend/proyecto%20final/kustomsports-backend/src/dao/UsuarioDao.js:30:31)
    at processTicksAndRejections (node:internal/process/task_queues:96:5)
    at async file:///C:/Users/aevla/Desktop/coder/backend/proyecto%20final/kustomsports-backend/src/routes/user.js:22:22
[2023-03-22T19:40:49.895] [ERROR] default - TypeError: user.comparePassword is not a function
    at UsuarioDao.loginUser (file:///C:/Users/aevla/Desktop/coder/backend/proyecto%20final/kustomsports-backend/src/dao/UsuarioDao.js:30:31)
    at processTicksAndRejections (node:internal/process/task_queues:96:5)
    at async file:///C:/Users/aevla/Desktop/coder/backend/proyecto%20final/kustomsports-backend/src/routes/user.js:22:22
[2023-03-22T19:40:49.988] [ERROR] default - TypeError: user.comparePassword is not a function
    at UsuarioDao.loginUser (file:///C:/Users/aevla/Desktop/coder/backend/proyecto%20final/kustomsports-backend/src/dao/UsuarioDao.js:30:31)
    at processTicksAndRejections (node:internal/process/task_queues:96:5)
    at async file:///C:/Users/aevla/Desktop/coder/backend/proyecto%20final/kustomsports-backend/src/routes/user.js:22:22
